<?xml version="1.0" encoding="UTF-8"?>
<!-- Generated by org.testng.reporters.JUnitReportReporter -->
<testsuite hostname="LAPTOP-I6KPTFTN" name="Maven.TestNgF.Test" tests="4" failures="0" timestamp="29 Mar 2020 17:04:33 GMT" time="0.000" errors="0">
  <testcase name="test2" time="0.000" classname="Maven.TestNgF.Test"/>
  <testcase name="test4" time="0.000" classname="Maven.TestNgF.Test"/>
  <testcase name="test3" time="0.000" classname="Maven.TestNgF.Test"/>
  <testcase name="test1" time="0.000" classname="Maven.TestNgF.Test"/>
</testsuite> <!-- Maven.TestNgF.Test -->
