<?xml version="1.0" encoding="UTF-8"?>
<!-- Generated by org.testng.reporters.JUnitReportReporter -->
<testsuite hostname="LAPTOP-I6KPTFTN" name="Maven.TestNgF.Tstng" tests="2" failures="0" timestamp="30 Mar 2020 08:28:19 GMT" time="0.000" errors="0">
  <testcase name="test99" time="0.000" classname="Maven.TestNgF.Tstng"/>
  <testcase name="test9" time="0.000" classname="Maven.TestNgF.Tstng"/>
</testsuite> <!-- Maven.TestNgF.Tstng -->
